<?xml version="1.0" encoding="UTF-8"?>
<testng-results skipped="0" failed="0" total="1" passed="1">
  <reporter-output>
  </reporter-output>
  <suite name="Command line suite" duration-ms="37" started-at="2015-07-20T00:50:09Z" finished-at="2015-07-20T00:50:09Z">
    <groups>
    </groups>
    <test name="Command line test" duration-ms="37" started-at="2015-07-20T00:50:09Z" finished-at="2015-07-20T00:50:09Z">
      <class name="pccraft.kayak.AppTest">
        <test-method status="PASS" signature="testApp()[pri:0, instance:testApp(pccraft.kayak.AppTest)]" name="testApp" duration-ms="5" started-at="2015-07-19T17:50:09Z" finished-at="2015-07-19T17:50:09Z">
          <reporter-output>
          </reporter-output>
        </test-method> <!-- testApp -->
      </class> <!-- pccraft.kayak.AppTest -->
    </test> <!-- Command line test -->
  </suite> <!-- Command line suite -->
</testng-results>
