<?xml version="1.0" encoding="UTF-8"?>
<!-- Generated by org.testng.reporters.JUnitXMLReporter -->
<testsuite name="Command line test" tests="1" failures="1" timestamp="20 Jul 2015 00:50:08 GMT" time="0.077" errors="0">
  <testcase name="EndToEndFlow1Test" time="0.04" classname="pccraft.kayak.testsuite.testscenario1.EndToEndFlowTest">
    <failure type="org.testng.TestNGException" message="
The data provider is trying to pass 3 parameters but the method pccraft.kayak.testsuite.testscenario1.EndToEndFlowTest#EndToEndFlow1Test takes 4 and TestNG is unable in inject a suitable object">
      <![CDATA[org.testng.TestNGException: 
The data provider is trying to pass 3 parameters but the method pccraft.kayak.testsuite.testscenario1.EndToEndFlowTest#EndToEndFlow1Test takes 4 and TestNG is unable in inject a suitable object
Caused by: java.lang.ArrayIndexOutOfBoundsException: 3
	... 27 more
... Removed 29 stack frames]]>
    </failure>
  </testcase> <!-- EndToEndFlow1Test -->
</testsuite> <!-- Command line test -->
