<?xml version="1.0" encoding="UTF-8"?>
<testng-results skipped="0" failed="0" total="0" passed="0">
  <reporter-output>
  </reporter-output>
  <suite name="pccraft.kayak.AppTest" duration-ms="2" started-at="2015-07-18T20:11:19Z" finished-at="2015-07-18T20:11:19Z">
    <groups>
    </groups>
    <test name="Command line test" duration-ms="2" started-at="2015-07-18T20:11:19Z" finished-at="2015-07-18T20:11:19Z">
    </test> <!-- Command line test -->
  </suite> <!-- pccraft.kayak.AppTest -->
</testng-results>
